<?xml version="1.0" encoding="UTF-8"?>
<!-- Generated by org.testng.reporters.JUnitReportReporter -->
<testsuite hostname="UmeshReddy" failures="0" tests="2" name="rahulshettyacademy.tests.ErrorValidationsTest" time="11.060" errors="0" timestamp="28 Aug 2022 16:13:49 GMT" skipped="0">
  <testcase classname="rahulshettyacademy.tests.ErrorValidationsTest" name="ProductErrorValidation" time="5.171"/>
  <testcase classname="rahulshettyacademy.tests.ErrorValidationsTest" name="LoginErrorValidation" time="5.889"/>
</testsuite> <!-- rahulshettyacademy.tests.ErrorValidationsTest -->
