<?xml version="1.0" encoding="UTF-8"?>
<!-- Generated by org.testng.reporters.JUnitReportReporter -->
<testsuite hostname="UmeshReddy" failures="0" tests="2" name="rahulshettyacademy.tests.ErrorValidationsTest" time="7.442" errors="0" timestamp="29 Aug 2022 03:19:56 GMT" skipped="0">
  <testcase classname="rahulshettyacademy.tests.ErrorValidationsTest" name="ProductErrorValidation" time="5.131"/>
  <testcase classname="rahulshettyacademy.tests.ErrorValidationsTest" name="LoginErrorValidation" time="2.311"/>
</testsuite> <!-- rahulshettyacademy.tests.ErrorValidationsTest -->
